The target system is: Generic -  - avr
The host system is: Linux - 6.8.0-49-generic - x86_64
Compiling the C compiler identification source file "CMakeCCompilerId.c" succeeded.
Compiler: /usr/bin/avr-gcc 
Build flags: -mmcu=atmega32;-Wall;-Os
Id flags:  

The output was:
0


Compilation of the C compiler identification source "CMakeCCompilerId.c" produced "a.out"

The C compiler identification is GNU, found in "/home/adham/new_avr_repo/AVR/APPS/Task1/build/CMakeFiles/3.22.1/CompilerIdC/a.out"

Detecting C compiler ABI info compiled with the following output:
Change Dir: /home/adham/new_avr_repo/AVR/APPS/Task1/build/CMakeFiles/CMakeTmp

Run Build Command(s):/usr/bin/gmake -f Makefile cmTC_fd020/fast && /usr/bin/gmake  -f CMakeFiles/cmTC_fd020.dir/build.make CMakeFiles/cmTC_fd020.dir/build
gmake[1]: Entering directory '/home/adham/new_avr_repo/AVR/APPS/Task1/build/CMakeFiles/CMakeTmp'
Building C object CMakeFiles/cmTC_fd020.dir/CMakeCCompilerABI.c.obj
/usr/bin/avr-gcc   -mmcu=atmega32 -Wall -Os    -v -o CMakeFiles/cmTC_fd020.dir/CMakeCCompilerABI.c.obj -c /usr/share/cmake-3.22/Modules/CMakeCCompilerABI.c
Using built-in specs.
Reading specs from /usr/lib/gcc/avr/5.4.0/device-specs/specs-atmega32
COLLECT_GCC=/usr/bin/avr-gcc
Target: avr
Configured with: ../gcc/configure -v --enable-languages=c,c++ --prefix=/usr/lib --infodir=/usr/share/info --mandir=/usr/share/man --bindir=/usr/bin --libexecdir=/usr/lib --libdir=/usr/lib --enable-shared --with-system-zlib --enable-long-long --enable-nls --without-included-gettext --disable-libssp --disable-libcc1 --build=x86_64-linux-gnu --host=x86_64-linux-gnu --target=avr ASFLAGS= CFLAGS='-g -O2 -ffile-prefix-map=/build/gcc-avr-VxQ9yL/gcc-avr-5.4.0+Atmel3.6.2=. -flto=auto -ffat-lto-objects -flto=auto -ffat-lto-objects -fstack-protector-strong -Wformat ' CPPFLAGS='-Wdate-time -D_FORTIFY_SOURCE=2' CXXFLAGS='-g -O2 -ffile-prefix-map=/build/gcc-avr-VxQ9yL/gcc-avr-5.4.0+Atmel3.6.2=. -flto=auto -ffat-lto-objects -flto=auto -ffat-lto-objects -fstack-protector-strong -Wformat ' DFLAGS=-frelease FCFLAGS='-g -O2 -ffile-prefix-map=/build/gcc-avr-VxQ9yL/gcc-avr-5.4.0+Atmel3.6.2=. -flto=auto -ffat-lto-objects -flto=auto -ffat-lto-objects -fstack-protector-strong' FFLAGS='-g -O2 -ffile-prefix-map=/build/gcc-avr-VxQ9yL/gcc-avr-5.4.0+Atmel3.6.2=. -flto=auto -ffat-lto-objects -flto=auto -ffat-lto-objects -fstack-protector-strong' GCJFLAGS='-g -O2 -ffile-prefix-map=/build/gcc-avr-VxQ9yL/gcc-avr-5.4.0+Atmel3.6.2=. -flto=auto -ffat-lto-objects -fstack-protector-strong' LDFLAGS='-Wl,-Bsymbolic-functions -flto=auto -ffat-lto-objects -flto=auto -Wl,-z,relro' OBJCFLAGS='-g -O2 -ffile-prefix-map=/build/gcc-avr-VxQ9yL/gcc-avr-5.4.0+Atmel3.6.2=. -flto=auto -ffat-lto-objects -flto=auto -ffat-lto-objects -fstack-protector-strong -Wformat ' OBJCXXFLAGS='-g -O2 -ffile-prefix-map=/build/gcc-avr-VxQ9yL/gcc-avr-5.4.0+Atmel3.6.2=. -flto=auto -ffat-lto-objects -flto=auto -ffat-lto-objects -fstack-protector-strong -Wformat '
Thread model: single
gcc version 5.4.0 (GCC) 
COLLECT_GCC_OPTIONS= '-Wall' '-Os' '-v' '-o' 'CMakeFiles/cmTC_fd020.dir/CMakeCCompilerABI.c.obj' '-c' '-specs=device-specs/specs-atmega32' '-mmcu=avr5'
 /usr/lib/gcc/avr/5.4.0/cc1 -quiet -v -imultilib avr5 -D__AVR_ATmega32__ -D__AVR_DEVICE_NAME__=atmega32 /usr/share/cmake-3.22/Modules/CMakeCCompilerABI.c -mn-flash=1 -mno-skip-bug -quiet -dumpbase CMakeCCompilerABI.c -mmcu=avr5 -auxbase-strip CMakeFiles/cmTC_fd020.dir/CMakeCCompilerABI.c.obj -Os -Wall -version -o /tmp/ccbsU0uZ.s
GNU C11 (GCC) version 5.4.0 (avr)
	compiled by GNU C version 11.2.0, GMP version 6.2.1, MPFR version 4.1.0, MPC version 1.2.1
GGC heuristics: --param ggc-min-expand=100 --param ggc-min-heapsize=131072
ignoring nonexistent directory "/usr/lib/gcc/avr/5.4.0/../../../avr/sys-include"
#include "..." search starts here:
#include <...> search starts here:
 /usr/lib/gcc/avr/5.4.0/include
 /usr/lib/gcc/avr/5.4.0/include-fixed
 /usr/lib/gcc/avr/5.4.0/../../../avr/include
End of search list.
GNU C11 (GCC) version 5.4.0 (avr)
	compiled by GNU C version 11.2.0, GMP version 6.2.1, MPFR version 4.1.0, MPC version 1.2.1
GGC heuristics: --param ggc-min-expand=100 --param ggc-min-heapsize=131072
Compiler executable checksum: 2637c586887de4fb30d92164252586da
COLLECT_GCC_OPTIONS= '-Wall' '-Os' '-v' '-o' 'CMakeFiles/cmTC_fd020.dir/CMakeCCompilerABI.c.obj' '-c' '-specs=device-specs/specs-atmega32' '-mmcu=avr5'
 /usr/lib/gcc/avr/5.4.0/../../../avr/bin/as -mmcu=avr5 -mno-skip-bug -o CMakeFiles/cmTC_fd020.dir/CMakeCCompilerABI.c.obj /tmp/ccbsU0uZ.s
COMPILER_PATH=/usr/lib/gcc/avr/5.4.0/:/usr/lib/gcc/avr/5.4.0/:/usr/lib/gcc/avr/:/usr/lib/gcc/avr/5.4.0/:/usr/lib/gcc/avr/:/usr/lib/gcc/avr/5.4.0/../../../avr/bin/
LIBRARY_PATH=/usr/lib/gcc/avr/5.4.0/avr5/:/usr/lib/gcc/avr/5.4.0/../../../avr/lib/avr5/:/usr/lib/gcc/avr/5.4.0/:/usr/lib/gcc/avr/5.4.0/../../../avr/lib/
COLLECT_GCC_OPTIONS= '-Wall' '-Os' '-v' '-o' 'CMakeFiles/cmTC_fd020.dir/CMakeCCompilerABI.c.obj' '-c' '-specs=device-specs/specs-atmega32' '-mmcu=avr5'
Linking C static library libcmTC_fd020.a
/usr/bin/cmake -P CMakeFiles/cmTC_fd020.dir/cmake_clean_target.cmake
/usr/bin/cmake -E cmake_link_script CMakeFiles/cmTC_fd020.dir/link.txt --verbose=1
avr-ar qc libcmTC_fd020.a CMakeFiles/cmTC_fd020.dir/CMakeCCompilerABI.c.obj
/usr/bin/avr-ranlib libcmTC_fd020.a
gmake[1]: Leaving directory '/home/adham/new_avr_repo/AVR/APPS/Task1/build/CMakeFiles/CMakeTmp'



Parsed C implicit include dir info from above output: rv=done
  found start of include info
  found start of implicit include info
    add: [/usr/lib/gcc/avr/5.4.0/include]
    add: [/usr/lib/gcc/avr/5.4.0/include-fixed]
    add: [/usr/lib/gcc/avr/5.4.0/../../../avr/include]
  end of search list found
  collapse include dir [/usr/lib/gcc/avr/5.4.0/include] ==> [/usr/lib/gcc/avr/5.4.0/include]
  collapse include dir [/usr/lib/gcc/avr/5.4.0/include-fixed] ==> [/usr/lib/gcc/avr/5.4.0/include-fixed]
  collapse include dir [/usr/lib/gcc/avr/5.4.0/../../../avr/include] ==> [/usr/lib/avr/include]
  implicit include dirs: [/usr/lib/gcc/avr/5.4.0/include;/usr/lib/gcc/avr/5.4.0/include-fixed;/usr/lib/avr/include]


Parsed C implicit link information from above output:
  link line regex: [^( *|.*[/\])(avr-ld|CMAKE_LINK_STARTFILE-NOTFOUND|([^/\]+-)?ld|collect2)[^/\]*( |$)]
  ignore line: [Change Dir: /home/adham/new_avr_repo/AVR/APPS/Task1/build/CMakeFiles/CMakeTmp]
  ignore line: []
  ignore line: [Run Build Command(s):/usr/bin/gmake -f Makefile cmTC_fd020/fast && /usr/bin/gmake  -f CMakeFiles/cmTC_fd020.dir/build.make CMakeFiles/cmTC_fd020.dir/build]
  ignore line: [gmake[1]: Entering directory '/home/adham/new_avr_repo/AVR/APPS/Task1/build/CMakeFiles/CMakeTmp']
  ignore line: [Building C object CMakeFiles/cmTC_fd020.dir/CMakeCCompilerABI.c.obj]
  ignore line: [/usr/bin/avr-gcc   -mmcu=atmega32 -Wall -Os    -v -o CMakeFiles/cmTC_fd020.dir/CMakeCCompilerABI.c.obj -c /usr/share/cmake-3.22/Modules/CMakeCCompilerABI.c]
  ignore line: [Using built-in specs.]
  ignore line: [Reading specs from /usr/lib/gcc/avr/5.4.0/device-specs/specs-atmega32]
  ignore line: [COLLECT_GCC=/usr/bin/avr-gcc]
  ignore line: [Target: avr]
  ignore line: [Configured with: ../gcc/configure -v --enable-languages=c c++ --prefix=/usr/lib --infodir=/usr/share/info --mandir=/usr/share/man --bindir=/usr/bin --libexecdir=/usr/lib --libdir=/usr/lib --enable-shared --with-system-zlib --enable-long-long --enable-nls --without-included-gettext --disable-libssp --disable-libcc1 --build=x86_64-linux-gnu --host=x86_64-linux-gnu --target=avr ASFLAGS= CFLAGS='-g -O2 -ffile-prefix-map=/build/gcc-avr-VxQ9yL/gcc-avr-5.4.0+Atmel3.6.2=. -flto=auto -ffat-lto-objects -flto=auto -ffat-lto-objects -fstack-protector-strong -Wformat ' CPPFLAGS='-Wdate-time -D_FORTIFY_SOURCE=2' CXXFLAGS='-g -O2 -ffile-prefix-map=/build/gcc-avr-VxQ9yL/gcc-avr-5.4.0+Atmel3.6.2=. -flto=auto -ffat-lto-objects -flto=auto -ffat-lto-objects -fstack-protector-strong -Wformat ' DFLAGS=-frelease FCFLAGS='-g -O2 -ffile-prefix-map=/build/gcc-avr-VxQ9yL/gcc-avr-5.4.0+Atmel3.6.2=. -flto=auto -ffat-lto-objects -flto=auto -ffat-lto-objects -fstack-protector-strong' FFLAGS='-g -O2 -ffile-prefix-map=/build/gcc-avr-VxQ9yL/gcc-avr-5.4.0+Atmel3.6.2=. -flto=auto -ffat-lto-objects -flto=auto -ffat-lto-objects -fstack-protector-strong' GCJFLAGS='-g -O2 -ffile-prefix-map=/build/gcc-avr-VxQ9yL/gcc-avr-5.4.0+Atmel3.6.2=. -flto=auto -ffat-lto-objects -fstack-protector-strong' LDFLAGS='-Wl -Bsymbolic-functions -flto=auto -ffat-lto-objects -flto=auto -Wl -z relro' OBJCFLAGS='-g -O2 -ffile-prefix-map=/build/gcc-avr-VxQ9yL/gcc-avr-5.4.0+Atmel3.6.2=. -flto=auto -ffat-lto-objects -flto=auto -ffat-lto-objects -fstack-protector-strong -Wformat ' OBJCXXFLAGS='-g -O2 -ffile-prefix-map=/build/gcc-avr-VxQ9yL/gcc-avr-5.4.0+Atmel3.6.2=. -flto=auto -ffat-lto-objects -flto=auto -ffat-lto-objects -fstack-protector-strong -Wformat ']
  ignore line: [Thread model: single]
  ignore line: [gcc version 5.4.0 (GCC) ]
  ignore line: [COLLECT_GCC_OPTIONS= '-Wall' '-Os' '-v' '-o' 'CMakeFiles/cmTC_fd020.dir/CMakeCCompilerABI.c.obj' '-c' '-specs=device-specs/specs-atmega32' '-mmcu=avr5']
  ignore line: [ /usr/lib/gcc/avr/5.4.0/cc1 -quiet -v -imultilib avr5 -D__AVR_ATmega32__ -D__AVR_DEVICE_NAME__=atmega32 /usr/share/cmake-3.22/Modules/CMakeCCompilerABI.c -mn-flash=1 -mno-skip-bug -quiet -dumpbase CMakeCCompilerABI.c -mmcu=avr5 -auxbase-strip CMakeFiles/cmTC_fd020.dir/CMakeCCompilerABI.c.obj -Os -Wall -version -o /tmp/ccbsU0uZ.s]
  ignore line: [GNU C11 (GCC) version 5.4.0 (avr)]
  ignore line: [	compiled by GNU C version 11.2.0  GMP version 6.2.1  MPFR version 4.1.0  MPC version 1.2.1]
  ignore line: [GGC heuristics: --param ggc-min-expand=100 --param ggc-min-heapsize=131072]
  ignore line: [ignoring nonexistent directory "/usr/lib/gcc/avr/5.4.0/../../../avr/sys-include"]
  ignore line: [#include "..." search starts here:]
  ignore line: [#include <...> search starts here:]
  ignore line: [ /usr/lib/gcc/avr/5.4.0/include]
  ignore line: [ /usr/lib/gcc/avr/5.4.0/include-fixed]
  ignore line: [ /usr/lib/gcc/avr/5.4.0/../../../avr/include]
  ignore line: [End of search list.]
  ignore line: [GNU C11 (GCC) version 5.4.0 (avr)]
  ignore line: [	compiled by GNU C version 11.2.0  GMP version 6.2.1  MPFR version 4.1.0  MPC version 1.2.1]
  ignore line: [GGC heuristics: --param ggc-min-expand=100 --param ggc-min-heapsize=131072]
  ignore line: [Compiler executable checksum: 2637c586887de4fb30d92164252586da]
  ignore line: [COLLECT_GCC_OPTIONS= '-Wall' '-Os' '-v' '-o' 'CMakeFiles/cmTC_fd020.dir/CMakeCCompilerABI.c.obj' '-c' '-specs=device-specs/specs-atmega32' '-mmcu=avr5']
  ignore line: [ /usr/lib/gcc/avr/5.4.0/../../../avr/bin/as -mmcu=avr5 -mno-skip-bug -o CMakeFiles/cmTC_fd020.dir/CMakeCCompilerABI.c.obj /tmp/ccbsU0uZ.s]
  ignore line: [COMPILER_PATH=/usr/lib/gcc/avr/5.4.0/:/usr/lib/gcc/avr/5.4.0/:/usr/lib/gcc/avr/:/usr/lib/gcc/avr/5.4.0/:/usr/lib/gcc/avr/:/usr/lib/gcc/avr/5.4.0/../../../avr/bin/]
  ignore line: [LIBRARY_PATH=/usr/lib/gcc/avr/5.4.0/avr5/:/usr/lib/gcc/avr/5.4.0/../../../avr/lib/avr5/:/usr/lib/gcc/avr/5.4.0/:/usr/lib/gcc/avr/5.4.0/../../../avr/lib/]
  ignore line: [COLLECT_GCC_OPTIONS= '-Wall' '-Os' '-v' '-o' 'CMakeFiles/cmTC_fd020.dir/CMakeCCompilerABI.c.obj' '-c' '-specs=device-specs/specs-atmega32' '-mmcu=avr5']
  ignore line: [Linking C static library libcmTC_fd020.a]
  ignore line: [/usr/bin/cmake -P CMakeFiles/cmTC_fd020.dir/cmake_clean_target.cmake]
  ignore line: [/usr/bin/cmake -E cmake_link_script CMakeFiles/cmTC_fd020.dir/link.txt --verbose=1]
  ignore line: [avr-ar qc libcmTC_fd020.a CMakeFiles/cmTC_fd020.dir/CMakeCCompilerABI.c.obj]
  ignore line: [/usr/bin/avr-ranlib libcmTC_fd020.a]
  ignore line: [gmake[1]: Leaving directory '/home/adham/new_avr_repo/AVR/APPS/Task1/build/CMakeFiles/CMakeTmp']
  ignore line: []
  ignore line: []
  implicit libs: []
  implicit objs: []
  implicit dirs: []
  implicit fwks: []


